<?xml version="1.0" encoding="UTF-8"?>
<testng-results skipped="0" failed="0" ignored="0" total="2" passed="2">
  <reporter-output>
  </reporter-output>
  <suite name="Default suite" duration-ms="24656" started-at="2019-06-10T13:58:31Z" finished-at="2019-06-10T13:58:56Z">
    <groups>
    </groups>
    <test name="Default test" duration-ms="24656" started-at="2019-06-10T13:58:31Z" finished-at="2019-06-10T13:58:56Z">
      <class name="automationTest1.TestScenarios">
        <test-method status="PASS" signature="beforeMethod()[pri:0, instance:automationTest1.TestScenarios@515aebb0]" name="beforeMethod" is-config="true" duration-ms="6290" started-at="2019-06-10T13:58:32Z" finished-at="2019-06-10T13:58:38Z">
          <reporter-output>
          </reporter-output>
        </test-method> <!-- beforeMethod -->
        <test-method status="PASS" signature="TestScenario1(automationTest1.DataMap)[pri:0, instance:automationTest1.TestScenarios@515aebb0]" name="TestScenario1" duration-ms="7550" started-at="2019-06-10T13:58:38Z" data-provider="CreateVideoDataMappingDataProvider" finished-at="2019-06-10T13:58:46Z">
          <params>
            <param index="0">
              <value>
                <![CDATA[automationTest1.DataMap@757d6814]]>
              </value>
            </param>
          </params>
          <reporter-output>
          </reporter-output>
        </test-method> <!-- TestScenario1 -->
        <test-method status="PASS" signature="afterMethod()[pri:0, instance:automationTest1.TestScenarios@515aebb0]" name="afterMethod" is-config="true" duration-ms="715" started-at="2019-06-10T13:58:46Z" finished-at="2019-06-10T13:58:47Z">
          <reporter-output>
          </reporter-output>
        </test-method> <!-- afterMethod -->
        <test-method status="PASS" signature="beforeMethod()[pri:0, instance:automationTest1.TestScenarios@515aebb0]" name="beforeMethod" is-config="true" duration-ms="5097" started-at="2019-06-10T13:58:47Z" finished-at="2019-06-10T13:58:52Z">
          <reporter-output>
          </reporter-output>
        </test-method> <!-- beforeMethod -->
        <test-method status="PASS" signature="TestScenario2(automationTest1.DataMap)[pri:0, instance:automationTest1.TestScenarios@515aebb0]" name="TestScenario2" duration-ms="3579" started-at="2019-06-10T13:58:52Z" data-provider="CreateVideoDataMappingDataProvider" finished-at="2019-06-10T13:58:55Z">
          <params>
            <param index="0">
              <value>
                <![CDATA[automationTest1.DataMap@16afbd92]]>
              </value>
            </param>
          </params>
          <reporter-output>
          </reporter-output>
        </test-method> <!-- TestScenario2 -->
        <test-method status="PASS" signature="afterMethod()[pri:0, instance:automationTest1.TestScenarios@515aebb0]" name="afterMethod" is-config="true" duration-ms="742" started-at="2019-06-10T13:58:55Z" finished-at="2019-06-10T13:58:56Z">
          <reporter-output>
          </reporter-output>
        </test-method> <!-- afterMethod -->
      </class> <!-- automationTest1.TestScenarios -->
    </test> <!-- Default test -->
  </suite> <!-- Default suite -->
</testng-results>
